# JRE version: OpenJDK Runtime Environment (8.0_152-b01) (build 1.8.0_152-release-1248-b01)
# Java VM: OpenJDK 64-Bit Server VM (25.152-b01 mixed mode windows-amd64 compressed oops)
Heap:
 PSYoungGen      total 152064K, used 2416K [0x00000000e0000000, 0x00000000ea200000, 0x0000000100000000)
  eden space 139264K, 0% used [0x00000000e0000000,0x00000000e0000000,0x00000000e8800000)
  from space 12800K, 18% used [0x00000000e9580000,0x00000000e97dc320,0x00000000ea200000)
  to   space 13312K, 0% used [0x00000000e8800000,0x00000000e8800000,0x00000000e9500000)
 ParOldGen       total 84480K, used 29539K [0x00000000a0000000, 0x00000000a5280000, 0x00000000e0000000)
  object space 84480K, 34% used [0x00000000a0000000,0x00000000a1cd8c08,0x00000000a5280000)
 Metaspace       used 57528K, capacity 59004K, committed 59160K, reserved 1099776K
  class space    used 7827K, capacity 8257K, committed 8368K, reserved 1048576K
GC Heap History (10 events):
Event: 35.678 GC heap after
Heap after GC invocations=12 (full 2):
 PSYoungGen      total 83968K, used 0K [0x00000000e0000000, 0x00000000e5d00000, 0x0000000100000000)
  eden space 73216K, 0% used [0x00000000e0000000,0x00000000e0000000,0x00000000e4780000)
  from space 10752K, 0% used [0x00000000e5200000,0x00000000e5200000,0x00000000e5c80000)
  to   space 10752K, 0% used [0x00000000e4780000,0x00000000e4780000,0x00000000e5200000)
 ParOldGen       total 84480K, used 15693K [0x00000000a0000000, 0x00000000a5280000, 0x00000000e0000000)
  object space 84480K, 18% used [0x00000000a0000000,0x00000000a0f53520,0x00000000a5280000)
 Metaspace       used 34704K, capacity 35294K, committed 35496K, reserved 1079296K
  class space    used 4826K, capacity 5033K, committed 5040K, reserved 1048576K
}
Event: 41.806 GC heap before
{Heap before GC invocations=13 (full 2):
 PSYoungGen      total 83968K, used 73216K [0x00000000e0000000, 0x00000000e5d00000, 0x0000000100000000)
  eden space 73216K, 100% used [0x00000000e0000000,0x00000000e4780000,0x00000000e4780000)
  from space 10752K, 0% used [0x00000000e5200000,0x00000000e5200000,0x00000000e5c80000)
  to   space 10752K, 0% used [0x00000000e4780000,0x00000000e4780000,0x00000000e5200000)
 ParOldGen       total 84480K, used 15693K [0x00000000a0000000, 0x00000000a5280000, 0x00000000e0000000)
  object space 84480K, 18% used [0x00000000a0000000,0x00000000a0f53520,0x00000000a5280000)
 Metaspace       used 41862K, capacity 42554K, committed 42792K, reserved 1085440K
  class space    used 5647K, capacity 5907K, committed 5936K, reserved 1048576K
Event: 41.825 GC heap after
Heap after GC invocations=13 (full 2):
 PSYoungGen      total 83968K, used 10737K [0x00000000e0000000, 0x00000000e7b80000, 0x0000000100000000)
  eden space 73216K, 0% used [0x00000000e0000000,0x00000000e0000000,0x00000000e4780000)
  from space 10752K, 99% used [0x00000000e4780000,0x00000000e51fc548,0x00000000e5200000)
  to   space 12288K, 0% used [0x00000000e6f80000,0x00000000e6f80000,0x00000000e7b80000)
 ParOldGen       total 84480K, used 16337K [0x00000000a0000000, 0x00000000a5280000, 0x00000000e0000000)
  object space 84480K, 19% used [0x00000000a0000000,0x00000000a0ff44b0,0x00000000a5280000)
 Metaspace       used 41862K, capacity 42554K, committed 42792K, reserved 1085440K
  class space    used 5647K, capacity 5907K, committed 5936K, reserved 1048576K
}
Event: 45.136 GC heap before
{Heap before GC invocations=14 (full 2):
 PSYoungGen      total 83968K, used 83953K [0x00000000e0000000, 0x00000000e7b80000, 0x0000000100000000)
  eden space 73216K, 100% used [0x00000000e0000000,0x00000000e4780000,0x00000000e4780000)
  from space 10752K, 99% used [0x00000000e4780000,0x00000000e51fc548,0x00000000e5200000)
  to   space 12288K, 0% used [0x00000000e6f80000,0x00000000e6f80000,0x00000000e7b80000)
 ParOldGen       total 84480K, used 16337K [0x00000000a0000000, 0x00000000a5280000, 0x00000000e0000000)
  object space 84480K, 19% used [0x00000000a0000000,0x00000000a0ff44b0,0x00000000a5280000)
 Metaspace       used 48687K, capacity 49538K, committed 49960K, reserved 1091584K
  class space    used 6578K, capacity 6864K, committed 6960K, reserved 1048576K
Event: 45.157 GC heap after
Heap after GC invocations=14 (full 2):
 PSYoungGen      total 112128K, used 7555K [0x00000000e0000000, 0x00000000e7a00000, 0x0000000100000000)
  eden space 101376K, 0% used [0x00000000e0000000,0x00000000e0000000,0x00000000e6300000)
  from space 10752K, 70% used [0x00000000e6f80000,0x00000000e76e0f58,0x00000000e7a00000)
  to   space 11776K, 0% used [0x00000000e6300000,0x00000000e6300000,0x00000000e6e80000)
 ParOldGen       total 84480K, used 22029K [0x00000000a0000000, 0x00000000a5280000, 0x00000000e0000000)
  object space 84480K, 26% used [0x00000000a0000000,0x00000000a1583668,0x00000000a5280000)
 Metaspace       used 48687K, capacity 49538K, committed 49960K, reserved 1091584K
  class space    used 6578K, capacity 6864K, committed 6960K, reserved 1048576K
}
Event: 49.871 GC heap before
{Heap before GC invocations=15 (full 2):
 PSYoungGen      total 112128K, used 108931K [0x00000000e0000000, 0x00000000e7a00000, 0x0000000100000000)
  eden space 101376K, 100% used [0x00000000e0000000,0x00000000e6300000,0x00000000e6300000)
  from space 10752K, 70% used [0x00000000e6f80000,0x00000000e76e0f58,0x00000000e7a00000)
  to   space 11776K, 0% used [0x00000000e6300000,0x00000000e6300000,0x00000000e6e80000)
 ParOldGen       total 84480K, used 22029K [0x00000000a0000000, 0x00000000a5280000, 0x00000000e0000000)
  object space 84480K, 26% used [0x00000000a0000000,0x00000000a1583668,0x00000000a5280000)
 Metaspace       used 56279K, capacity 57624K, committed 57768K, reserved 1099776K
  class space    used 7626K, capacity 8021K, committed 8112K, reserved 1048576K
Event: 49.904 GC heap after
Heap after GC invocations=15 (full 2):
 PSYoungGen      total 113152K, used 11279K [0x00000000e0000000, 0x00000000ea200000, 0x0000000100000000)
  eden space 101376K, 0% used [0x00000000e0000000,0x00000000e0000000,0x00000000e6300000)
  from space 11776K, 95% used [0x00000000e6300000,0x00000000e6e03f60,0x00000000e6e80000)
  to   space 12800K, 0% used [0x00000000e9580000,0x00000000e9580000,0x00000000ea200000)
 ParOldGen       total 84480K, used 25898K [0x00000000a0000000, 0x00000000a5280000, 0x00000000e0000000)
  object space 84480K, 30% used [0x00000000a0000000,0x00000000a194aaf8,0x00000000a5280000)
 Metaspace       used 56279K, capacity 57624K, committed 57768K, reserved 1099776K
  class space    used 7626K, capacity 8021K, committed 8112K, reserved 1048576K
}
Event: 51.874 GC heap before
{Heap before GC invocations=16 (full 2):
 PSYoungGen      total 113152K, used 36989K [0x00000000e0000000, 0x00000000ea200000, 0x0000000100000000)
  eden space 101376K, 25% used [0x00000000e0000000,0x00000000e191b4a8,0x00000000e6300000)
  from space 11776K, 95% used [0x00000000e6300000,0x00000000e6e03f60,0x00000000e6e80000)
  to   space 12800K, 0% used [0x00000000e9580000,0x00000000e9580000,0x00000000ea200000)
 ParOldGen       total 84480K, used 25898K [0x00000000a0000000, 0x00000000a5280000, 0x00000000e0000000)
  object space 84480K, 30% used [0x00000000a0000000,0x00000000a194aaf8,0x00000000a5280000)
 Metaspace       used 57528K, capacity 59004K, committed 59160K, reserved 1099776K
  class space    used 7827K, capacity 8257K, committed 8368K, reserved 1048576K
Event: 51.885 GC heap after
Heap after GC invocations=16 (full 2):
 PSYoungGen      total 152064K, used 2416K [0x00000000e0000000, 0x00000000ea200000, 0x0000000100000000)
  eden space 139264K, 0% used [0x00000000e0000000,0x00000000e0000000,0x00000000e8800000)
  from space 12800K, 18% used [0x00000000e9580000,0x00000000e97dc320,0x00000000ea200000)
  to   space 13312K, 0% used [0x00000000e8800000,0x00000000e8800000,0x00000000e9500000)
 ParOldGen       total 84480K, used 29539K [0x00000000a0000000, 0x00000000a5280000, 0x00000000e0000000)
  object space 84480K, 34% used [0x00000000a0000000,0x00000000a1cd8c08,0x00000000a5280000)
 Metaspace       used 57528K, capacity 59004K, committed 59160K, reserved 1099776K
  class space    used 7827K, capacity 8257K, committed 8368K, reserved 1048576K
}
Event: 51.885 GC heap before
{Heap before GC invocations=17 (full 3):
 PSYoungGen      total 152064K, used 2416K [0x00000000e0000000, 0x00000000ea200000, 0x0000000100000000)
  eden space 139264K, 0% used [0x00000000e0000000,0x00000000e0000000,0x00000000e8800000)
  from space 12800K, 18% used [0x00000000e9580000,0x00000000e97dc320,0x00000000ea200000)
  to   space 13312K, 0% used [0x00000000e8800000,0x00000000e8800000,0x00000000e9500000)
 ParOldGen       total 84480K, used 29539K [0x00000000a0000000, 0x00000000a5280000, 0x00000000e0000000)
  object space 84480K, 34% used [0x00000000a0000000,0x00000000a1cd8c08,0x00000000a5280000)
 Metaspace       used 57528K, capacity 59004K, committed 59160K, reserved 1099776K
  class space    used 7827K, capacity 8257K, committed 8368K, reserved 1048576K

